---------- Date: 2017-09-18 05:28:09 ~ IP : 127.0.0.1 ----------
REQUEST URI : /admin/index.php?route=common/dashboard&token=7GzLAnaz9VLE4Lqbz2GnxAb1CuKstE3P
MOD DETAILS:
   modFile   : D:\Kantek\opencart\travytea\vqmod/xml/a_vqmod_d_compatibilty_fix_230.xml
   id        : d_compatibilty_fix_230
   version   : 1.0.0
   vqmver    : 2.1.1
   author    : Dreamvention.com
VQModObject::parseMods - Could not resolve path for [admin/controller/event/compatibility.php] (SKIPPED)
VQModObject::parseMods - Could not resolve path for [admin/controller/extension/extension/feed.php] (SKIPPED)
VQModObject::parseMods - Could not resolve path for [admin/controller/extension/extension/fraud.php] (SKIPPED)
VQModObject::parseMods - Could not resolve path for [admin/controller/extension/extension/module.php] (SKIPPED)
VQModObject::parseMods - Could not resolve path for [admin/controller/extension/extension/payment.php] (SKIPPED)
VQModObject::parseMods - Could not resolve path for [admin/controller/extension/extension/shipping.php] (SKIPPED)
VQModObject::parseMods - Could not resolve path for [admin/controller/extension/extension/theme.php] (SKIPPED)
VQModObject::parseMods - Could not resolve path for [admin/controller/extension/extension/total.php] (SKIPPED)
VQModObject::parseMods - Could not resolve path for [catalog/controller/event/compatibility.php] (SKIPPED)
VQModObject::parseMods - Could not resolve path for [system/library/cart/user.php] (SKIPPED)
VQModObject::parseMods - Could not resolve path for [system/config/catalog.php] (SKIPPED)

MOD DETAILS:
   modFile   : D:\Kantek\opencart\travytea\vqmod/xml/a_vqmod_d_quickcheckout.xml
   id        : AJAX QUICK CHECKOUT V6 BY DREAMVENTION
   version   : 2.0.0.0
   vqmver    : 2.2.1
   author    : dreamvention.com
VQModObject::parseMods - Could not resolve path for [system/library/cart/tax.php] (SKIPPED)
----------------------------------------------------------------------


---------- Date: 2017-09-18 05:28:43 ~ IP : 127.0.0.1 ----------
REQUEST URI : /admin/index.php?route=extension/module/install&token=7GzLAnaz9VLE4Lqbz2GnxAb1CuKstE3P&extension=quickcheckout
MOD DETAILS:
   modFile   : D:\Kantek\opencart\travytea\vqmod/xml/a_vqmod_d_compatibilty_fix_230.xml
   id        : d_compatibilty_fix_230
   version   : 1.0.0
   vqmver    : 2.1.1
   author    : Dreamvention.com
VQModObject::parseMods - Could not resolve path for [admin/controller/event/compatibility.php] (SKIPPED)
VQModObject::parseMods - Could not resolve path for [admin/controller/extension/extension/feed.php] (SKIPPED)
VQModObject::parseMods - Could not resolve path for [admin/controller/extension/extension/fraud.php] (SKIPPED)
VQModObject::parseMods - Could not resolve path for [admin/controller/extension/extension/module.php] (SKIPPED)
VQModObject::parseMods - Could not resolve path for [admin/controller/extension/extension/payment.php] (SKIPPED)
VQModObject::parseMods - Could not resolve path for [admin/controller/extension/extension/shipping.php] (SKIPPED)
VQModObject::parseMods - Could not resolve path for [admin/controller/extension/extension/theme.php] (SKIPPED)
VQModObject::parseMods - Could not resolve path for [admin/controller/extension/extension/total.php] (SKIPPED)
VQModObject::parseMods - Could not resolve path for [catalog/controller/event/compatibility.php] (SKIPPED)
VQModObject::parseMods - Could not resolve path for [system/library/cart/user.php] (SKIPPED)
VQModObject::parseMods - Could not resolve path for [system/config/catalog.php] (SKIPPED)
MOD DETAILS:
   modFile   : D:\Kantek\opencart\travytea\vqmod/xml/a_vqmod_d_quickcheckout.xml
   id        : AJAX QUICK CHECKOUT V6 BY DREAMVENTION
   version   : 2.0.0.0
   vqmver    : 2.2.1
   author    : dreamvention.com
VQModObject::parseMods - Could not resolve path for [system/library/cart/tax.php] (SKIPPED)
MOD DETAILS:
   modFile   : D:\Kantek\opencart\travytea\vqmod/xml/a_vqmod_quickcheckout.xml
   id        : AJAX QUICK CHECKOUT V4.0.4 BY DREAMVENTION
   version   : 1.5.x-1.6.x
   vqmver    : 2.2.1
   author    : dreamvention.com
VQModObject::parseMods - Could not resolve path for [catalog/view/theme/default/template/payment/pp_pro_uk.tpl] (SKIPPED)

----------------------------------------------------------------------


---------- Date: 2017-09-18 05:44:37 ~ IP : 127.0.0.1 ----------
REQUEST URI : /admin/index.php?route=extension/module&token=f55P0FGOwtWi4qE8K4MBdHfGkaYrkune
MOD DETAILS:
   modFile   : D:\Kantek\opencart\travytea\vqmod/xml/a_vqmod_d_compatibilty_fix_230.xml
   id        : d_compatibilty_fix_230
   version   : 1.0.0
   vqmver    : 2.1.1
   author    : Dreamvention.com
VQModObject::parseMods - Could not resolve path for [admin/controller/event/compatibility.php] (SKIPPED)
VQModObject::parseMods - Could not resolve path for [admin/controller/extension/extension/feed.php] (SKIPPED)
VQModObject::parseMods - Could not resolve path for [admin/controller/extension/extension/fraud.php] (SKIPPED)
VQModObject::parseMods - Could not resolve path for [admin/controller/extension/extension/module.php] (SKIPPED)
VQModObject::parseMods - Could not resolve path for [admin/controller/extension/extension/payment.php] (SKIPPED)
VQModObject::parseMods - Could not resolve path for [admin/controller/extension/extension/shipping.php] (SKIPPED)
VQModObject::parseMods - Could not resolve path for [admin/controller/extension/extension/theme.php] (SKIPPED)
VQModObject::parseMods - Could not resolve path for [admin/controller/extension/extension/total.php] (SKIPPED)
VQModObject::parseMods - Could not resolve path for [catalog/controller/event/compatibility.php] (SKIPPED)
VQModObject::parseMods - Could not resolve path for [system/library/cart/user.php] (SKIPPED)
VQModObject::parseMods - Could not resolve path for [system/config/catalog.php] (SKIPPED)

MOD DETAILS:
   modFile   : D:\Kantek\opencart\travytea\vqmod/xml/a_vqmod_d_quickcheckout.xml
   id        : AJAX QUICK CHECKOUT V6 BY DREAMVENTION
   version   : 2.0.0.0
   vqmver    : 2.2.1
   author    : dreamvention.com
VQModObject::parseMods - Could not resolve path for [system/library/cart/tax.php] (SKIPPED)
----------------------------------------------------------------------


---------- Date: 2017-09-18 05:51:28 ~ IP : 127.0.0.1 ----------
REQUEST URI : /index.php?route=checkout/checkout
MOD DETAILS:
   modFile   : D:\Kantek\opencart\travytea\vqmod/xml/a_vqmod_d_compatibilty_fix_230.xml
   id        : d_compatibilty_fix_230
   version   : 1.0.0
   vqmver    : 2.1.1
   author    : Dreamvention.com
VQModObject::parseMods - Could not resolve path for [admin/controller/event/compatibility.php] (SKIPPED)
VQModObject::parseMods - Could not resolve path for [admin/controller/extension/extension/feed.php] (SKIPPED)
VQModObject::parseMods - Could not resolve path for [admin/controller/extension/extension/fraud.php] (SKIPPED)
VQModObject::parseMods - Could not resolve path for [admin/controller/extension/extension/module.php] (SKIPPED)
VQModObject::parseMods - Could not resolve path for [admin/controller/extension/extension/payment.php] (SKIPPED)
VQModObject::parseMods - Could not resolve path for [admin/controller/extension/extension/shipping.php] (SKIPPED)
VQModObject::parseMods - Could not resolve path for [admin/controller/extension/extension/theme.php] (SKIPPED)
VQModObject::parseMods - Could not resolve path for [admin/controller/extension/extension/total.php] (SKIPPED)
VQModObject::parseMods - Could not resolve path for [catalog/controller/event/compatibility.php] (SKIPPED)
VQModObject::parseMods - Could not resolve path for [system/library/cart/user.php] (SKIPPED)
VQModObject::parseMods - Could not resolve path for [system/config/catalog.php] (SKIPPED)

----------------------------------------------------------------------


---------- Date: 2017-09-18 05:53:02 ~ IP : 127.0.0.1 ----------
REQUEST URI : /admin/index.php?route=extension/module/d_quickcheckout&token=rIv6vY5If32VOYuqgmKO5ulJTLFlRkNc&store_id=0&setting_id=2
MOD DETAILS:
   modFile   : D:\Kantek\opencart\travytea\vqmod/xml/a_vqmod_d_compatibilty_fix_230.xml
   id        : d_compatibilty_fix_230
   version   : 1.0.0
   vqmver    : 2.1.1
   author    : Dreamvention.com
VQModObject::parseMods - Could not resolve path for [admin/controller/event/compatibility.php] (SKIPPED)
VQModObject::parseMods - Could not resolve path for [admin/controller/extension/extension/feed.php] (SKIPPED)
VQModObject::parseMods - Could not resolve path for [admin/controller/extension/extension/fraud.php] (SKIPPED)
VQModObject::parseMods - Could not resolve path for [admin/controller/extension/extension/module.php] (SKIPPED)
VQModObject::parseMods - Could not resolve path for [admin/controller/extension/extension/payment.php] (SKIPPED)
VQModObject::parseMods - Could not resolve path for [admin/controller/extension/extension/shipping.php] (SKIPPED)
VQModObject::parseMods - Could not resolve path for [admin/controller/extension/extension/theme.php] (SKIPPED)
VQModObject::parseMods - Could not resolve path for [admin/controller/extension/extension/total.php] (SKIPPED)
VQModObject::parseMods - Could not resolve path for [catalog/controller/event/compatibility.php] (SKIPPED)
VQModObject::parseMods - Could not resolve path for [system/library/cart/user.php] (SKIPPED)
VQModObject::parseMods - Could not resolve path for [system/config/catalog.php] (SKIPPED)

----------------------------------------------------------------------


---------- Date: 2017-09-18 06:06:55 ~ IP : 127.0.0.1 ----------
REQUEST URI : /index.php?route=checkout/checkout
MOD DETAILS:
   modFile   : D:\Kantek\opencart\travytea\vqmod/xml/a_vqmod_d_compatibilty_fix_230.xml
   id        : d_compatibilty_fix_230
   version   : 1.0.0
   vqmver    : 2.1.1
   author    : Dreamvention.com
VQModObject::parseMods - Could not resolve path for [admin/controller/event/compatibility.php] (SKIPPED)
VQModObject::parseMods - Could not resolve path for [admin/controller/extension/extension/feed.php] (SKIPPED)
VQModObject::parseMods - Could not resolve path for [admin/controller/extension/extension/fraud.php] (SKIPPED)
VQModObject::parseMods - Could not resolve path for [admin/controller/extension/extension/module.php] (SKIPPED)
VQModObject::parseMods - Could not resolve path for [admin/controller/extension/extension/payment.php] (SKIPPED)
VQModObject::parseMods - Could not resolve path for [admin/controller/extension/extension/shipping.php] (SKIPPED)
VQModObject::parseMods - Could not resolve path for [admin/controller/extension/extension/theme.php] (SKIPPED)
VQModObject::parseMods - Could not resolve path for [admin/controller/extension/extension/total.php] (SKIPPED)
VQModObject::parseMods - Could not resolve path for [catalog/controller/event/compatibility.php] (SKIPPED)
VQModObject::parseMods - Could not resolve path for [system/library/cart/user.php] (SKIPPED)
VQModObject::parseMods - Could not resolve path for [system/config/catalog.php] (SKIPPED)

----------------------------------------------------------------------


