2017-09-15 5:00:43 - PHP Notice:  Use of undefined constant DIR_MODIFICATION - assumed 'DIR_MODIFICATION' in D:\Kantek\opencart\travytea\system\startup.php on line 70
2017-09-15 5:00:43 - PHP Notice:  Use of undefined constant DIR_MODIFICATION - assumed 'DIR_MODIFICATION' in D:\Kantek\opencart\travytea\system\startup.php on line 76
2017-09-15 5:00:43 - PHP Notice:  Use of undefined constant DIR_MODIFICATION - assumed 'DIR_MODIFICATION' in D:\Kantek\opencart\travytea\system\startup.php on line 70
2017-09-15 5:00:43 - PHP Notice:  Use of undefined constant DIR_MODIFICATION - assumed 'DIR_MODIFICATION' in D:\Kantek\opencart\travytea\system\startup.php on line 76
2017-09-15 5:00:43 - PHP Notice:  Use of undefined constant DIR_MODIFICATION - assumed 'DIR_MODIFICATION' in D:\Kantek\opencart\travytea\system\startup.php on line 70
2017-09-15 5:00:43 - PHP Notice:  Use of undefined constant DIR_MODIFICATION - assumed 'DIR_MODIFICATION' in D:\Kantek\opencart\travytea\system\startup.php on line 76
2017-09-15 5:00:43 - PHP Notice:  Use of undefined constant DIR_MODIFICATION - assumed 'DIR_MODIFICATION' in D:\Kantek\opencart\travytea\system\startup.php on line 70
2017-09-15 5:00:43 - PHP Notice:  Use of undefined constant DIR_MODIFICATION - assumed 'DIR_MODIFICATION' in D:\Kantek\opencart\travytea\system\startup.php on line 76
2017-09-15 5:00:43 - PHP Notice:  Use of undefined constant DIR_MODIFICATION - assumed 'DIR_MODIFICATION' in D:\Kantek\opencart\travytea\system\startup.php on line 70
2017-09-15 5:00:43 - PHP Notice:  Use of undefined constant DIR_MODIFICATION - assumed 'DIR_MODIFICATION' in D:\Kantek\opencart\travytea\system\startup.php on line 76
2017-09-15 5:00:43 - PHP Warning:  session_start(): Cannot send session cache limiter - headers already sent (output started at D:\Kantek\opencart\travytea\system\startup.php:76) in D:\Kantek\opencart\travytea\system\library\session.php on line 21
2017-09-15 5:00:43 - PHP Notice:  Use of undefined constant DIR_MODIFICATION - assumed 'DIR_MODIFICATION' in D:\Kantek\opencart\travytea\system\startup.php on line 70
2017-09-15 5:00:43 - PHP Notice:  Use of undefined constant DIR_MODIFICATION - assumed 'DIR_MODIFICATION' in D:\Kantek\opencart\travytea\system\startup.php on line 76
2017-09-15 5:00:43 - PHP Notice:  Use of undefined constant DIR_MODIFICATION - assumed 'DIR_MODIFICATION' in D:\Kantek\opencart\travytea\system\startup.php on line 70
2017-09-15 5:00:43 - PHP Notice:  Use of undefined constant DIR_MODIFICATION - assumed 'DIR_MODIFICATION' in D:\Kantek\opencart\travytea\system\startup.php on line 76
2017-09-15 5:00:43 - PHP Notice:  Use of undefined constant DIR_MODIFICATION - assumed 'DIR_MODIFICATION' in D:\Kantek\opencart\travytea\system\startup.php on line 70
2017-09-15 5:00:43 - PHP Notice:  Use of undefined constant DIR_MODIFICATION - assumed 'DIR_MODIFICATION' in D:\Kantek\opencart\travytea\system\startup.php on line 76
2017-09-15 5:00:43 - PHP Notice:  Use of undefined constant DIR_MODIFICATION - assumed 'DIR_MODIFICATION' in D:\Kantek\opencart\travytea\system\startup.php on line 70
2017-09-15 5:00:43 - PHP Notice:  Use of undefined constant DIR_MODIFICATION - assumed 'DIR_MODIFICATION' in D:\Kantek\opencart\travytea\system\startup.php on line 76
2017-09-15 5:00:43 - PHP Notice:  Use of undefined constant DIR_MODIFICATION - assumed 'DIR_MODIFICATION' in D:\Kantek\opencart\travytea\system\startup.php on line 70
2017-09-15 5:00:43 - PHP Notice:  Use of undefined constant DIR_MODIFICATION - assumed 'DIR_MODIFICATION' in D:\Kantek\opencart\travytea\system\startup.php on line 76
2017-09-15 5:00:43 - PHP Notice:  Use of undefined constant DIR_MODIFICATION - assumed 'DIR_MODIFICATION' in D:\Kantek\opencart\travytea\system\startup.php on line 70
2017-09-15 5:00:43 - PHP Notice:  Use of undefined constant DIR_MODIFICATION - assumed 'DIR_MODIFICATION' in D:\Kantek\opencart\travytea\system\startup.php on line 76
2017-09-15 5:00:43 - PHP Notice:  Use of undefined constant DIR_MODIFICATION - assumed 'DIR_MODIFICATION' in D:\Kantek\opencart\travytea\system\startup.php on line 70
2017-09-15 5:00:43 - PHP Notice:  Use of undefined constant DIR_MODIFICATION - assumed 'DIR_MODIFICATION' in D:\Kantek\opencart\travytea\system\startup.php on line 76
2017-09-15 5:00:43 - PHP Notice:  Use of undefined constant DIR_MODIFICATION - assumed 'DIR_MODIFICATION' in D:\Kantek\opencart\travytea\system\startup.php on line 70
2017-09-15 5:00:43 - PHP Notice:  Use of undefined constant DIR_MODIFICATION - assumed 'DIR_MODIFICATION' in D:\Kantek\opencart\travytea\system\startup.php on line 76
2017-09-15 5:00:43 - PHP Notice:  Use of undefined constant DIR_MODIFICATION - assumed 'DIR_MODIFICATION' in D:\Kantek\opencart\travytea\system\startup.php on line 70
2017-09-15 5:00:43 - PHP Notice:  Use of undefined constant DIR_MODIFICATION - assumed 'DIR_MODIFICATION' in D:\Kantek\opencart\travytea\system\startup.php on line 76
2017-09-15 5:00:43 - PHP Notice:  Use of undefined constant DIR_MODIFICATION - assumed 'DIR_MODIFICATION' in D:\Kantek\opencart\travytea\system\startup.php on line 70
2017-09-15 5:00:43 - PHP Notice:  Use of undefined constant DIR_MODIFICATION - assumed 'DIR_MODIFICATION' in D:\Kantek\opencart\travytea\system\startup.php on line 76
2017-09-15 5:00:43 - PHP Notice:  Use of undefined constant DIR_MODIFICATION - assumed 'DIR_MODIFICATION' in D:\Kantek\opencart\travytea\system\startup.php on line 70
2017-09-15 5:00:43 - PHP Notice:  Use of undefined constant DIR_MODIFICATION - assumed 'DIR_MODIFICATION' in D:\Kantek\opencart\travytea\system\startup.php on line 76
2017-09-15 5:06:33 - PHP Notice:  Use of undefined constant DIR_UPLOAD - assumed 'DIR_UPLOAD' in D:\Kantek\opencart\travytea\admin\controller\extension\installer.php on line 38
2017-09-15 12:58:32 - PHP Notice:  Undefined index: key in D:\Kantek\opencart\travytea\catalog\view\theme\pav_cosmetics\template\common\cart.tpl on line 31
2017-09-15 12:58:38 - PHP Notice:  Undefined index: key in D:\Kantek\opencart\travytea\catalog\view\theme\pav_cosmetics\template\common\cart.tpl on line 31
2017-09-15 12:58:57 - PHP Notice:  Undefined index: key in D:\Kantek\opencart\travytea\catalog\view\theme\pav_cosmetics\template\common\cart.tpl on line 31
2017-09-15 13:01:04 - PHP Notice:  Undefined index: key in D:\Kantek\opencart\travytea\catalog\view\theme\pav_cosmetics\template\common\cart.tpl on line 31
2017-09-15 13:01:08 - PHP Notice:  Undefined index: key in D:\Kantek\opencart\travytea\catalog\view\theme\pav_cosmetics\template\common\cart.tpl on line 31
2017-09-15 13:01:13 - PHP Notice:  Undefined index: key in D:\Kantek\opencart\travytea\catalog\view\theme\pav_cosmetics\template\common\cart.tpl on line 31
2017-09-15 13:03:06 - PHP Notice:  Undefined index: key in D:\Kantek\opencart\travytea\catalog\view\theme\pav_cosmetics\template\common\cart.tpl on line 31
2017-09-15 13:03:16 - PHP Notice:  Undefined index: key in D:\Kantek\opencart\travytea\catalog\view\theme\pav_cosmetics\template\common\cart.tpl on line 31
2017-09-15 13:03:36 - PHP Notice:  Undefined index: key in D:\Kantek\opencart\travytea\catalog\view\theme\pav_cosmetics\template\common\cart.tpl on line 31
2017-09-15 13:03:46 - PHP Notice:  Undefined index: key in D:\Kantek\opencart\travytea\catalog\view\theme\pav_cosmetics\template\common\cart.tpl on line 31
2017-09-15 13:03:49 - PHP Notice:  Undefined index: key in D:\Kantek\opencart\travytea\catalog\view\theme\pav_cosmetics\template\common\cart.tpl on line 31
2017-09-15 13:03:49 - PHP Notice:  Undefined index: key in D:\Kantek\opencart\travytea\catalog\view\theme\pav_cosmetics\template\common\cart.tpl on line 31
2017-09-15 13:03:56 - PHP Notice:  Undefined index: key in D:\Kantek\opencart\travytea\catalog\view\theme\pav_cosmetics\template\common\cart.tpl on line 31
2017-09-15 13:03:57 - PHP Notice:  Undefined index: key in D:\Kantek\opencart\travytea\catalog\view\theme\pav_cosmetics\template\common\cart.tpl on line 31
2017-09-15 13:04:08 - PHP Notice:  Undefined index: key in D:\Kantek\opencart\travytea\catalog\view\theme\pav_cosmetics\template\common\cart.tpl on line 31
2017-09-15 13:04:12 - PHP Notice:  Undefined index: key in D:\Kantek\opencart\travytea\catalog\view\theme\pav_cosmetics\template\common\cart.tpl on line 31
2017-09-15 13:04:14 - PHP Notice:  Undefined index: key in D:\Kantek\opencart\travytea\catalog\view\theme\pav_cosmetics\template\common\cart.tpl on line 31
2017-09-15 13:04:15 - PHP Notice:  Undefined index: key in D:\Kantek\opencart\travytea\catalog\view\theme\pav_cosmetics\template\common\cart.tpl on line 31
2017-09-15 13:05:12 - PHP Notice:  Undefined index: key in D:\Kantek\opencart\travytea\catalog\view\theme\pav_cosmetics\template\common\cart.tpl on line 31
2017-09-15 13:05:18 - PHP Notice:  Undefined index: key in D:\Kantek\opencart\travytea\catalog\view\theme\pav_cosmetics\template\common\cart.tpl on line 31
2017-09-15 13:08:41 - PHP Notice:  Undefined index: key in D:\Kantek\opencart\travytea\catalog\view\theme\pav_cosmetics\template\common\cart.tpl on line 31
2017-09-15 13:10:00 - PHP Notice:  Undefined index: key in D:\Kantek\opencart\travytea\catalog\view\theme\pav_cosmetics\template\common\cart.tpl on line 31
2017-09-15 13:10:03 - PHP Notice:  Undefined index: key in D:\Kantek\opencart\travytea\catalog\view\theme\pav_cosmetics\template\common\cart.tpl on line 31
2017-09-15 13:10:26 - PHP Notice:  Undefined index: key in D:\Kantek\opencart\travytea\catalog\view\theme\pav_cosmetics\template\common\cart.tpl on line 31
2017-09-15 13:10:28 - PHP Notice:  Undefined index: key in D:\Kantek\opencart\travytea\catalog\view\theme\pav_cosmetics\template\common\cart.tpl on line 31
2017-09-15 13:11:21 - PHP Notice:  Undefined index: key in D:\Kantek\opencart\travytea\catalog\view\theme\pav_cosmetics\template\common\cart.tpl on line 31
2017-09-15 13:22:21 - PHP Notice:  Undefined index: key in D:\Kantek\opencart\travytea\catalog\view\theme\pav_cosmetics\template\common\cart.tpl on line 31
2017-09-15 13:24:51 - PHP Notice:  Undefined index: key in D:\Kantek\opencart\travytea\catalog\view\theme\pav_cosmetics\template\common\cart.tpl on line 31
2017-09-18 5:28:13 - PHP Notice:  Use of undefined constant DIR_UPLOAD - assumed 'DIR_UPLOAD' in D:\Kantek\opencart\travytea\vqmod\vqcache\vq2-admin_controller_extension_installer.php on line 38
2017-09-18 5:28:22 - PHP Warning:  file_get_contents(D:\Kantek\opencart\travytea\admin/../admin/mbooth/xml/mbooth_quickcheckout.xml): failed to open stream: No such file or directory in D:\Kantek\opencart\travytea\admin\controller\module\quickcheckout.php on line 581
2017-09-18 5:28:54 - PHP Notice:  Error: Could not load config quickcheckout_settings! in D:\Kantek\opencart\travytea\vqmod\vqcache\vq2-system_library_config.php on line 27
2017-09-18 5:29:37 - PHP Notice:  Error: Could not load model D:\Kantek\opencart\travytea\admin/model/setting/extension.php! in D:\Kantek\opencart\travytea\vqmod\vqcache\vq2-system_engine_loader.php on line 63
2017-09-18 5:33:42 - PHP Notice:  Use of undefined constant DIR_UPLOAD - assumed 'DIR_UPLOAD' in D:\Kantek\opencart\travytea\vqmod\vqcache\vq2-admin_controller_extension_installer.php on line 38
2017-09-18 5:40:57 - PHP Notice:  Error: Could not load model D:\Kantek\opencart\travytea\admin/model/setting/extension.php! in D:\Kantek\opencart\travytea\vqmod\vqcache\vq2-system_storage_modification_system_engine_loader.php on line 114
2017-09-18 5:41:30 - PHP Notice:  Error: Could not load model D:\Kantek\opencart\travytea\admin/model/setting/extension.php! in D:\Kantek\opencart\travytea\vqmod\vqcache\vq2-system_storage_modification_system_engine_loader.php on line 114
2017-09-18 5:44:23 - PHP Notice:  Error: Could not load model D:\Kantek\opencart\travytea\admin/model/setting/extension.php! in D:\Kantek\opencart\travytea\vqmod\vqcache\vq2-system_storage_modification_system_engine_loader.php on line 114
2017-09-18 5:45:45 - PHP Notice:  Undefined index: key in D:\Kantek\opencart\travytea\catalog\view\theme\pav_cosmetics\template\common\cart.tpl on line 31
2017-09-18 5:45:46 - PHP Notice:  Undefined index: key in D:\Kantek\opencart\travytea\catalog\view\theme\pav_cosmetics\template\common\cart.tpl on line 31
2017-09-18 5:45:48 - PHP Notice:  Undefined index: key in D:\Kantek\opencart\travytea\catalog\view\theme\pav_cosmetics\template\common\cart.tpl on line 31
2017-09-18 5:51:28 - PHP Notice:  Undefined index: key in D:\Kantek\opencart\travytea\catalog\view\theme\pav_cosmetics\template\common\cart.tpl on line 31
2017-09-18 5:53:05 - PHP Notice:  Undefined index: key in D:\Kantek\opencart\travytea\catalog\view\theme\pav_cosmetics\template\common\cart.tpl on line 31
2017-09-18 5:54:32 - PHP Notice:  Undefined index: key in D:\Kantek\opencart\travytea\catalog\view\theme\pav_cosmetics\template\common\cart.tpl on line 31
2017-09-18 5:57:16 - PHP Notice:  Undefined index: key in D:\Kantek\opencart\travytea\catalog\view\theme\pav_cosmetics\template\common\cart.tpl on line 31
2017-09-18 5:57:40 - PHP Notice:  Undefined index: key in D:\Kantek\opencart\travytea\catalog\view\theme\pav_cosmetics\template\common\cart.tpl on line 31
2017-09-18 5:57:51 - PHP Notice:  Undefined index: key in D:\Kantek\opencart\travytea\catalog\view\theme\pav_cosmetics\template\common\cart.tpl on line 31
2017-09-18 5:57:51 - PHP Notice:  Undefined index: key in D:\Kantek\opencart\travytea\catalog\view\theme\pav_cosmetics\template\common\cart.tpl on line 31
2017-09-18 6:00:02 - PHP Notice:  Undefined index: key in D:\Kantek\opencart\travytea\catalog\view\theme\pav_cosmetics\template\common\cart.tpl on line 31
2017-09-18 6:00:03 - PHP Notice:  Undefined index: key in D:\Kantek\opencart\travytea\catalog\view\theme\pav_cosmetics\template\common\cart.tpl on line 31
2017-09-18 6:00:03 - PHP Notice:  Undefined index: key in D:\Kantek\opencart\travytea\catalog\view\theme\pav_cosmetics\template\common\cart.tpl on line 31
2017-09-18 6:00:12 - PHP Notice:  Undefined index: key in D:\Kantek\opencart\travytea\catalog\view\theme\pav_cosmetics\template\common\cart.tpl on line 31
2017-09-18 6:00:12 - PHP Notice:  Undefined index: key in D:\Kantek\opencart\travytea\catalog\view\theme\pav_cosmetics\template\common\cart.tpl on line 31
2017-09-18 6:00:13 - PHP Notice:  Undefined index: key in D:\Kantek\opencart\travytea\catalog\view\theme\pav_cosmetics\template\common\cart.tpl on line 31
2017-09-18 6:00:22 - PHP Notice:  Undefined index: key in D:\Kantek\opencart\travytea\catalog\view\theme\pav_cosmetics\template\common\cart.tpl on line 31
2017-09-18 6:00:22 - PHP Notice:  Undefined index: key in D:\Kantek\opencart\travytea\catalog\view\theme\pav_cosmetics\template\common\cart.tpl on line 31
2017-09-18 6:00:23 - PHP Notice:  Undefined index: key in D:\Kantek\opencart\travytea\catalog\view\theme\pav_cosmetics\template\common\cart.tpl on line 31
2017-09-18 6:06:55 - PHP Notice:  Undefined index: key in D:\Kantek\opencart\travytea\catalog\view\theme\pav_cosmetics\template\common\cart.tpl on line 31
2017-09-18 6:06:56 - PHP Notice:  Undefined index: key in D:\Kantek\opencart\travytea\catalog\view\theme\pav_cosmetics\template\common\cart.tpl on line 31
2017-09-18 6:06:56 - PHP Notice:  Undefined index: key in D:\Kantek\opencart\travytea\catalog\view\theme\pav_cosmetics\template\common\cart.tpl on line 31
2017-09-18 6:08:08 - PHP Notice:  Undefined index: key in D:\Kantek\opencart\travytea\catalog\view\theme\pav_cosmetics\template\common\cart.tpl on line 31
2017-09-18 6:08:09 - PHP Notice:  Undefined index: key in D:\Kantek\opencart\travytea\catalog\view\theme\pav_cosmetics\template\common\cart.tpl on line 31
2017-09-18 6:08:09 - PHP Notice:  Undefined index: key in D:\Kantek\opencart\travytea\catalog\view\theme\pav_cosmetics\template\common\cart.tpl on line 31
2017-09-18 6:08:47 - PHP Notice:  Undefined index: key in D:\Kantek\opencart\travytea\catalog\view\theme\pav_cosmetics\template\common\cart.tpl on line 31
2017-09-18 6:08:47 - PHP Notice:  Undefined index: key in D:\Kantek\opencart\travytea\catalog\view\theme\pav_cosmetics\template\common\cart.tpl on line 31
2017-09-18 6:08:48 - PHP Notice:  Undefined index: key in D:\Kantek\opencart\travytea\catalog\view\theme\pav_cosmetics\template\common\cart.tpl on line 31
2017-09-18 6:16:23 - PHP Notice:  Undefined index: key in D:\Kantek\opencart\travytea\catalog\view\theme\pav_cosmetics\template\common\cart.tpl on line 31
2017-09-18 6:16:24 - PHP Notice:  Undefined index: key in D:\Kantek\opencart\travytea\catalog\view\theme\pav_cosmetics\template\common\cart.tpl on line 31
2017-09-18 6:16:24 - PHP Notice:  Undefined index: key in D:\Kantek\opencart\travytea\catalog\view\theme\pav_cosmetics\template\common\cart.tpl on line 31
2017-09-18 6:17:35 - PHP Notice:  Undefined index: key in D:\Kantek\opencart\travytea\catalog\view\theme\pav_cosmetics\template\common\cart.tpl on line 31
2017-09-18 6:17:35 - PHP Notice:  Undefined index: key in D:\Kantek\opencart\travytea\catalog\view\theme\pav_cosmetics\template\common\cart.tpl on line 31
2017-09-18 6:17:36 - PHP Notice:  Undefined index: key in D:\Kantek\opencart\travytea\catalog\view\theme\pav_cosmetics\template\common\cart.tpl on line 31
2017-09-18 6:17:37 - PHP Notice:  Undefined index: key in D:\Kantek\opencart\travytea\catalog\view\theme\pav_cosmetics\template\common\cart.tpl on line 31
2017-09-18 6:17:38 - PHP Notice:  Undefined index: key in D:\Kantek\opencart\travytea\catalog\view\theme\pav_cosmetics\template\common\cart.tpl on line 31
2017-09-18 6:17:38 - PHP Notice:  Undefined index: key in D:\Kantek\opencart\travytea\catalog\view\theme\pav_cosmetics\template\common\cart.tpl on line 31
2017-09-18 6:18:05 - PHP Notice:  Undefined index: key in D:\Kantek\opencart\travytea\catalog\view\theme\pav_cosmetics\template\common\cart.tpl on line 31
2017-09-18 6:18:05 - PHP Notice:  Undefined index: key in D:\Kantek\opencart\travytea\catalog\view\theme\pav_cosmetics\template\common\cart.tpl on line 31
2017-09-18 6:18:06 - PHP Notice:  Undefined index: key in D:\Kantek\opencart\travytea\catalog\view\theme\pav_cosmetics\template\common\cart.tpl on line 31
2017-09-18 6:18:34 - PHP Notice:  Undefined index: key in D:\Kantek\opencart\travytea\catalog\view\theme\pav_cosmetics\template\common\cart.tpl on line 31
2017-09-18 6:18:34 - PHP Notice:  Undefined index: key in D:\Kantek\opencart\travytea\catalog\view\theme\pav_cosmetics\template\common\cart.tpl on line 31
2017-09-18 6:18:35 - PHP Notice:  Undefined index: key in D:\Kantek\opencart\travytea\catalog\view\theme\pav_cosmetics\template\common\cart.tpl on line 31
2017-09-18 6:23:00 - PHP Notice:  Undefined index: key in D:\Kantek\opencart\travytea\catalog\view\theme\pav_cosmetics\template\common\cart.tpl on line 31
2017-09-18 6:23:01 - PHP Notice:  Undefined index: key in D:\Kantek\opencart\travytea\catalog\view\theme\pav_cosmetics\template\common\cart.tpl on line 31
2017-09-18 6:23:01 - PHP Notice:  Undefined index: key in D:\Kantek\opencart\travytea\catalog\view\theme\pav_cosmetics\template\common\cart.tpl on line 31
2017-09-18 6:24:42 - PHP Notice:  Undefined index: key in D:\Kantek\opencart\travytea\catalog\view\theme\pav_cosmetics\template\common\cart.tpl on line 31
2017-09-18 6:25:19 - PHP Notice:  Undefined index: key in D:\Kantek\opencart\travytea\catalog\view\theme\pav_cosmetics\template\common\cart.tpl on line 31
2017-09-18 6:25:33 - PHP Notice:  Undefined index: key in D:\Kantek\opencart\travytea\catalog\view\theme\pav_cosmetics\template\common\cart.tpl on line 31
2017-09-18 6:25:35 - PHP Notice:  Undefined index: key in D:\Kantek\opencart\travytea\catalog\view\theme\pav_cosmetics\template\common\cart.tpl on line 31
2017-09-18 6:25:37 - PHP Notice:  Undefined index: key in D:\Kantek\opencart\travytea\catalog\view\theme\pav_cosmetics\template\common\cart.tpl on line 31
2017-09-18 6:25:39 - PHP Notice:  Undefined index: key in D:\Kantek\opencart\travytea\catalog\view\theme\pav_cosmetics\template\common\cart.tpl on line 31
2017-09-18 6:25:43 - PHP Warning:  mail(): Failed to connect to mailserver at &quot;localhost&quot; port 25, verify your &quot;SMTP&quot; and &quot;smtp_port&quot; setting in php.ini or use ini_set() in D:\Kantek\opencart\travytea\system\library\mail.php on line 164
2017-09-18 6:25:58 - PHP Notice:  Undefined index: key in D:\Kantek\opencart\travytea\catalog\view\theme\pav_cosmetics\template\common\cart.tpl on line 31
2017-09-18 6:25:59 - PHP Notice:  Undefined index: key in D:\Kantek\opencart\travytea\catalog\view\theme\pav_cosmetics\template\common\cart.tpl on line 31
2017-09-18 6:26:02 - PHP Notice:  Undefined index: key in D:\Kantek\opencart\travytea\catalog\view\theme\pav_cosmetics\template\common\cart.tpl on line 31
2017-09-18 6:26:02 - PHP Notice:  Undefined index: key in D:\Kantek\opencart\travytea\catalog\view\theme\pav_cosmetics\template\common\cart.tpl on line 31
2017-09-18 6:26:03 - PHP Notice:  Undefined index: key in D:\Kantek\opencart\travytea\catalog\view\theme\pav_cosmetics\template\common\cart.tpl on line 31
2017-09-18 6:26:53 - PHP Notice:  Undefined index: key in D:\Kantek\opencart\travytea\catalog\view\theme\pav_cosmetics\template\common\cart.tpl on line 31
2017-09-18 6:26:54 - PHP Notice:  Undefined index: key in D:\Kantek\opencart\travytea\catalog\view\theme\pav_cosmetics\template\common\cart.tpl on line 31
2017-09-18 6:26:54 - PHP Notice:  Undefined index: key in D:\Kantek\opencart\travytea\catalog\view\theme\pav_cosmetics\template\common\cart.tpl on line 31
2017-09-18 6:27:58 - PHP Notice:  Undefined index: key in D:\Kantek\opencart\travytea\catalog\view\theme\pav_cosmetics\template\common\cart.tpl on line 31
2017-09-18 6:28:30 - PHP Notice:  Undefined index: key in D:\Kantek\opencart\travytea\catalog\view\theme\pav_cosmetics\template\common\cart.tpl on line 31
2017-09-18 6:28:31 - PHP Notice:  Undefined index: key in D:\Kantek\opencart\travytea\catalog\view\theme\pav_cosmetics\template\common\cart.tpl on line 31
2017-09-18 6:28:32 - PHP Notice:  Undefined index: key in D:\Kantek\opencart\travytea\catalog\view\theme\pav_cosmetics\template\common\cart.tpl on line 31
2017-09-18 6:46:20 - PHP Notice:  Undefined index: key in D:\Kantek\opencart\travytea\catalog\view\theme\pav_cosmetics\template\common\cart.tpl on line 31
2017-09-18 6:46:20 - PHP Notice:  Undefined index: key in D:\Kantek\opencart\travytea\catalog\view\theme\pav_cosmetics\template\common\cart.tpl on line 31
2017-09-18 6:46:21 - PHP Notice:  Undefined index: key in D:\Kantek\opencart\travytea\catalog\view\theme\pav_cosmetics\template\common\cart.tpl on line 31
2017-09-18 6:49:13 - PHP Notice:  Undefined index: key in D:\Kantek\opencart\travytea\catalog\view\theme\pav_cosmetics\template\common\cart.tpl on line 31
2017-09-18 6:49:14 - PHP Notice:  Undefined index: key in D:\Kantek\opencart\travytea\catalog\view\theme\pav_cosmetics\template\common\cart.tpl on line 31
2017-09-18 6:49:15 - PHP Notice:  Undefined index: key in D:\Kantek\opencart\travytea\catalog\view\theme\pav_cosmetics\template\common\cart.tpl on line 31
2017-09-18 6:49:53 - PHP Notice:  Undefined index: key in D:\Kantek\opencart\travytea\catalog\view\theme\pav_cosmetics\template\common\cart.tpl on line 31
2017-09-18 6:49:54 - PHP Notice:  Undefined index: key in D:\Kantek\opencart\travytea\catalog\view\theme\pav_cosmetics\template\common\cart.tpl on line 31
2017-09-18 6:49:55 - PHP Notice:  Undefined index: key in D:\Kantek\opencart\travytea\catalog\view\theme\pav_cosmetics\template\common\cart.tpl on line 31
2017-09-18 6:51:22 - PHP Notice:  Undefined index: key in D:\Kantek\opencart\travytea\catalog\view\theme\pav_cosmetics\template\common\cart.tpl on line 31
2017-09-18 6:51:22 - PHP Notice:  Undefined index: key in D:\Kantek\opencart\travytea\catalog\view\theme\pav_cosmetics\template\common\cart.tpl on line 31
2017-09-18 6:51:23 - PHP Notice:  Undefined index: key in D:\Kantek\opencart\travytea\catalog\view\theme\pav_cosmetics\template\common\cart.tpl on line 31
2017-09-18 6:51:49 - PHP Notice:  Undefined index: key in D:\Kantek\opencart\travytea\catalog\view\theme\pav_cosmetics\template\common\cart.tpl on line 31
2017-09-18 6:51:50 - PHP Notice:  Undefined index: key in D:\Kantek\opencart\travytea\catalog\view\theme\pav_cosmetics\template\common\cart.tpl on line 31
2017-09-18 6:51:50 - PHP Notice:  Undefined index: key in D:\Kantek\opencart\travytea\catalog\view\theme\pav_cosmetics\template\common\cart.tpl on line 31
2017-09-18 6:53:01 - PHP Notice:  Undefined index: key in D:\Kantek\opencart\travytea\catalog\view\theme\pav_cosmetics\template\common\cart.tpl on line 31
2017-09-18 6:53:02 - PHP Notice:  Undefined index: key in D:\Kantek\opencart\travytea\catalog\view\theme\pav_cosmetics\template\common\cart.tpl on line 31
2017-09-18 6:53:02 - PHP Notice:  Undefined index: key in D:\Kantek\opencart\travytea\catalog\view\theme\pav_cosmetics\template\common\cart.tpl on line 31
2017-09-18 6:57:03 - PHP Notice:  Undefined index: key in D:\Kantek\opencart\travytea\catalog\view\theme\pav_cosmetics\template\common\cart.tpl on line 31
2017-09-18 6:57:04 - PHP Notice:  Undefined index: key in D:\Kantek\opencart\travytea\catalog\view\theme\pav_cosmetics\template\common\cart.tpl on line 31
2017-09-18 6:57:04 - PHP Notice:  Undefined index: key in D:\Kantek\opencart\travytea\catalog\view\theme\pav_cosmetics\template\common\cart.tpl on line 31
2017-09-18 6:57:47 - PHP Notice:  Undefined index: key in D:\Kantek\opencart\travytea\catalog\view\theme\pav_cosmetics\template\common\cart.tpl on line 31
2017-09-18 6:57:48 - PHP Notice:  Undefined index: key in D:\Kantek\opencart\travytea\catalog\view\theme\pav_cosmetics\template\common\cart.tpl on line 31
2017-09-18 6:57:49 - PHP Notice:  Undefined index: key in D:\Kantek\opencart\travytea\catalog\view\theme\pav_cosmetics\template\common\cart.tpl on line 31
2017-09-18 6:58:56 - PHP Notice:  Undefined index: key in D:\Kantek\opencart\travytea\catalog\view\theme\pav_cosmetics\template\common\cart.tpl on line 31
2017-09-18 6:58:57 - PHP Notice:  Undefined index: key in D:\Kantek\opencart\travytea\catalog\view\theme\pav_cosmetics\template\common\cart.tpl on line 31
2017-09-18 6:58:58 - PHP Notice:  Undefined index: key in D:\Kantek\opencart\travytea\catalog\view\theme\pav_cosmetics\template\common\cart.tpl on line 31
2017-09-18 7:01:27 - PHP Notice:  Undefined index: key in D:\Kantek\opencart\travytea\catalog\view\theme\pav_cosmetics\template\common\cart.tpl on line 31
2017-09-18 7:01:27 - PHP Notice:  Undefined index: key in D:\Kantek\opencart\travytea\catalog\view\theme\pav_cosmetics\template\common\cart.tpl on line 31
2017-09-18 7:01:28 - PHP Notice:  Undefined index: key in D:\Kantek\opencart\travytea\catalog\view\theme\pav_cosmetics\template\common\cart.tpl on line 31
2017-09-18 7:01:55 - PHP Notice:  Undefined index: key in D:\Kantek\opencart\travytea\catalog\view\theme\pav_cosmetics\template\common\cart.tpl on line 31
2017-09-18 7:01:55 - PHP Notice:  Undefined index: key in D:\Kantek\opencart\travytea\catalog\view\theme\pav_cosmetics\template\common\cart.tpl on line 31
2017-09-18 7:01:56 - PHP Notice:  Undefined index: key in D:\Kantek\opencart\travytea\catalog\view\theme\pav_cosmetics\template\common\cart.tpl on line 31
2017-09-18 7:02:24 - PHP Notice:  Undefined index: key in D:\Kantek\opencart\travytea\catalog\view\theme\pav_cosmetics\template\common\cart.tpl on line 31
2017-09-18 7:02:24 - PHP Notice:  Undefined index: key in D:\Kantek\opencart\travytea\catalog\view\theme\pav_cosmetics\template\common\cart.tpl on line 31
2017-09-18 7:02:25 - PHP Notice:  Undefined index: key in D:\Kantek\opencart\travytea\catalog\view\theme\pav_cosmetics\template\common\cart.tpl on line 31
2017-09-18 7:03:13 - PHP Notice:  Undefined index: key in D:\Kantek\opencart\travytea\catalog\view\theme\pav_cosmetics\template\common\cart.tpl on line 31
2017-09-18 7:03:14 - PHP Notice:  Undefined index: key in D:\Kantek\opencart\travytea\catalog\view\theme\pav_cosmetics\template\common\cart.tpl on line 31
2017-09-18 7:03:14 - PHP Notice:  Undefined index: key in D:\Kantek\opencart\travytea\catalog\view\theme\pav_cosmetics\template\common\cart.tpl on line 31
2017-09-18 7:06:14 - PHP Notice:  Undefined index: key in D:\Kantek\opencart\travytea\catalog\view\theme\pav_cosmetics\template\common\cart.tpl on line 31
2017-09-18 7:06:15 - PHP Notice:  Undefined index: key in D:\Kantek\opencart\travytea\catalog\view\theme\pav_cosmetics\template\common\cart.tpl on line 31
2017-09-18 7:06:16 - PHP Notice:  Undefined index: key in D:\Kantek\opencart\travytea\catalog\view\theme\pav_cosmetics\template\common\cart.tpl on line 31
2017-09-18 7:06:40 - PHP Notice:  Undefined index: key in D:\Kantek\opencart\travytea\catalog\view\theme\pav_cosmetics\template\common\cart.tpl on line 31
2017-09-18 7:06:41 - PHP Notice:  Undefined index: key in D:\Kantek\opencart\travytea\catalog\view\theme\pav_cosmetics\template\common\cart.tpl on line 31
2017-09-18 7:06:41 - PHP Notice:  Undefined index: key in D:\Kantek\opencart\travytea\catalog\view\theme\pav_cosmetics\template\common\cart.tpl on line 31
2017-09-18 7:38:14 - PHP Notice:  Undefined index: key in D:\Kantek\opencart\travytea\catalog\view\theme\pav_cosmetics\template\common\cart.tpl on line 31
2017-09-18 7:38:15 - PHP Notice:  Undefined index: key in D:\Kantek\opencart\travytea\catalog\view\theme\pav_cosmetics\template\common\cart.tpl on line 31
2017-09-18 7:38:19 - PHP Notice:  Undefined index: key in D:\Kantek\opencart\travytea\catalog\view\theme\pav_cosmetics\template\common\cart.tpl on line 31
2017-09-18 7:38:20 - PHP Notice:  Undefined index: key in D:\Kantek\opencart\travytea\catalog\view\theme\pav_cosmetics\template\common\cart.tpl on line 31
2017-09-18 7:38:20 - PHP Notice:  Undefined index: key in D:\Kantek\opencart\travytea\catalog\view\theme\pav_cosmetics\template\common\cart.tpl on line 31
2017-09-18 7:38:27 - PHP Notice:  Undefined index: key in D:\Kantek\opencart\travytea\catalog\view\theme\pav_cosmetics\template\common\cart.tpl on line 31
2017-09-18 7:45:40 - PHP Notice:  Undefined variable: cost_by_product in D:\Kantek\opencart\travytea\admin\view\template\shipping\item.tpl on line 69
2017-09-18 7:45:48 - PHP Notice:  Undefined variable: cost_by_product in D:\Kantek\opencart\travytea\admin\view\template\shipping\item.tpl on line 69
2017-09-18 7:47:10 - PHP Notice:  Undefined variable: cost_by_product in D:\Kantek\opencart\travytea\admin\view\template\shipping\item.tpl on line 69
2017-09-18 7:47:27 - PHP Notice:  Undefined variable: cost_by_product in D:\Kantek\opencart\travytea\admin\view\template\shipping\item.tpl on line 69
2017-09-18 7:47:38 - PHP Notice:  Undefined variable: cost_by_product in D:\Kantek\opencart\travytea\admin\view\template\shipping\item.tpl on line 69
2017-09-18 7:47:39 - PHP Notice:  Undefined variable: cost_by_product in D:\Kantek\opencart\travytea\admin\view\template\shipping\item.tpl on line 69
2017-09-18 7:47:40 - PHP Notice:  Undefined variable: cost_by_product in D:\Kantek\opencart\travytea\admin\view\template\shipping\item.tpl on line 69
2017-09-18 7:47:41 - PHP Notice:  Undefined variable: cost_by_product in D:\Kantek\opencart\travytea\admin\view\template\shipping\item.tpl on line 69
2017-09-18 7:49:05 - PHP Notice:  Undefined variable: cost_by_product in D:\Kantek\opencart\travytea\admin\view\template\shipping\item.tpl on line 69
2017-09-18 7:49:09 - PHP Notice:  Undefined variable: cost_by_product in D:\Kantek\opencart\travytea\admin\view\template\shipping\item.tpl on line 69
2017-09-18 7:50:00 - PHP Notice:  Undefined variable: cost_by_product in D:\Kantek\opencart\travytea\admin\view\template\shipping\item.tpl on line 69
2017-09-18 7:50:07 - PHP Notice:  Undefined variable: cost_by_product in D:\Kantek\opencart\travytea\admin\view\template\shipping\item.tpl on line 69
2017-09-18 7:51:30 - PHP Notice:  Undefined variable: cost_by_product in D:\Kantek\opencart\travytea\admin\view\template\shipping\item.tpl on line 69
2017-09-18 7:51:47 - PHP Notice:  Undefined variable: cost_by_product in D:\Kantek\opencart\travytea\admin\view\template\shipping\item.tpl on line 69
2017-09-18 7:52:44 - PHP Notice:  Undefined variable: cost_by_product in D:\Kantek\opencart\travytea\admin\view\template\shipping\item.tpl on line 69
2017-09-18 7:53:28 - PHP Notice:  Undefined variable: cost_by_product in D:\Kantek\opencart\travytea\admin\view\template\shipping\item.tpl on line 69
2017-09-18 7:53:34 - PHP Notice:  Undefined variable: cost_by_product in D:\Kantek\opencart\travytea\admin\view\template\shipping\item.tpl on line 69
2017-09-18 8:29:36 - PHP Notice:  Undefined index: shipping_cost in D:\Kantek\opencart\travytea\catalog\model\shipping\item.php on line 35
2017-09-18 8:29:36 - PHP Notice:  Undefined index: shipping_cost in D:\Kantek\opencart\travytea\catalog\model\shipping\item.php on line 35
2017-09-18 8:29:37 - PHP Notice:  Undefined index: key in D:\Kantek\opencart\travytea\catalog\view\theme\pav_cosmetics\template\common\cart.tpl on line 31
2017-09-18 8:29:37 - PHP Notice:  Undefined index: key in D:\Kantek\opencart\travytea\catalog\view\theme\pav_cosmetics\template\common\cart.tpl on line 31
2017-09-18 8:29:38 - PHP Notice:  Undefined index: key in D:\Kantek\opencart\travytea\catalog\view\theme\pav_cosmetics\template\common\cart.tpl on line 31
2017-09-18 8:30:04 - PHP Notice:  Undefined index: shipping_cost in D:\Kantek\opencart\travytea\catalog\model\shipping\item.php on line 35
2017-09-18 8:30:05 - PHP Notice:  Undefined index: shipping_cost in D:\Kantek\opencart\travytea\catalog\model\shipping\item.php on line 35
2017-09-18 8:30:05 - PHP Notice:  Undefined index: key in D:\Kantek\opencart\travytea\catalog\view\theme\pav_cosmetics\template\common\cart.tpl on line 31
2017-09-18 8:30:05 - PHP Notice:  Undefined index: key in D:\Kantek\opencart\travytea\catalog\view\theme\pav_cosmetics\template\common\cart.tpl on line 31
2017-09-18 8:30:06 - PHP Notice:  Undefined index: key in D:\Kantek\opencart\travytea\catalog\view\theme\pav_cosmetics\template\common\cart.tpl on line 31
2017-09-18 8:31:52 - PHP Notice:  Undefined index: key in D:\Kantek\opencart\travytea\catalog\view\theme\pav_cosmetics\template\common\cart.tpl on line 31
2017-09-18 8:31:53 - PHP Notice:  Undefined index: key in D:\Kantek\opencart\travytea\catalog\view\theme\pav_cosmetics\template\common\cart.tpl on line 31
2017-09-18 8:31:53 - PHP Notice:  Undefined index: key in D:\Kantek\opencart\travytea\catalog\view\theme\pav_cosmetics\template\common\cart.tpl on line 31
2017-09-18 8:32:46 - PHP Notice:  Undefined index: key in D:\Kantek\opencart\travytea\catalog\view\theme\pav_cosmetics\template\common\cart.tpl on line 31
2017-09-18 8:32:46 - PHP Notice:  Undefined index: key in D:\Kantek\opencart\travytea\catalog\view\theme\pav_cosmetics\template\common\cart.tpl on line 31
2017-09-18 8:32:47 - PHP Notice:  Undefined index: key in D:\Kantek\opencart\travytea\catalog\view\theme\pav_cosmetics\template\common\cart.tpl on line 31
2017-09-18 8:45:03 - PHP Notice:  Undefined index: key in D:\Kantek\opencart\travytea\catalog\view\theme\pav_cosmetics\template\common\cart.tpl on line 31
2017-09-18 8:45:04 - PHP Notice:  Undefined index: key in D:\Kantek\opencart\travytea\catalog\view\theme\pav_cosmetics\template\common\cart.tpl on line 31
2017-09-18 8:45:07 - PHP Notice:  Undefined index: key in D:\Kantek\opencart\travytea\catalog\view\theme\pav_cosmetics\template\common\cart.tpl on line 31
2017-09-18 8:45:07 - PHP Notice:  Undefined index: key in D:\Kantek\opencart\travytea\catalog\view\theme\pav_cosmetics\template\common\cart.tpl on line 31
2017-09-18 8:45:08 - PHP Notice:  Undefined index: key in D:\Kantek\opencart\travytea\catalog\view\theme\pav_cosmetics\template\common\cart.tpl on line 31
2017-09-18 8:45:26 - PHP Notice:  Undefined index: key in D:\Kantek\opencart\travytea\catalog\view\theme\pav_cosmetics\template\common\cart.tpl on line 31
2017-09-18 8:45:30 - PHP Notice:  Undefined index: key in D:\Kantek\opencart\travytea\catalog\view\theme\pav_cosmetics\template\common\cart.tpl on line 31
2017-09-18 8:45:31 - PHP Notice:  Undefined index: key in D:\Kantek\opencart\travytea\catalog\view\theme\pav_cosmetics\template\common\cart.tpl on line 31
2017-09-18 8:48:26 - PHP Notice:  Undefined index: key in D:\Kantek\opencart\travytea\catalog\view\theme\pav_cosmetics\template\common\cart.tpl on line 31
2017-09-18 8:49:26 - PHP Notice:  Undefined index: key in D:\Kantek\opencart\travytea\catalog\view\theme\pav_cosmetics\template\common\cart.tpl on line 31
2017-09-18 8:50:30 - PHP Notice:  Undefined index: key in D:\Kantek\opencart\travytea\catalog\view\theme\pav_cosmetics\template\common\cart.tpl on line 31
2017-09-18 8:50:38 - PHP Notice:  Undefined index: key in D:\Kantek\opencart\travytea\catalog\view\theme\pav_cosmetics\template\common\cart.tpl on line 31
2017-09-18 8:50:39 - PHP Notice:  Undefined index: key in D:\Kantek\opencart\travytea\catalog\view\theme\pav_cosmetics\template\common\cart.tpl on line 31
2017-09-18 8:50:39 - PHP Notice:  Undefined index: key in D:\Kantek\opencart\travytea\catalog\view\theme\pav_cosmetics\template\common\cart.tpl on line 31
2017-09-18 8:52:21 - PHP Notice:  Undefined index: key in D:\Kantek\opencart\travytea\catalog\view\theme\pav_cosmetics\template\common\cart.tpl on line 31
2017-09-18 8:52:22 - PHP Notice:  Undefined index: key in D:\Kantek\opencart\travytea\catalog\view\theme\pav_cosmetics\template\common\cart.tpl on line 31
2017-09-18 8:52:22 - PHP Notice:  Undefined index: key in D:\Kantek\opencart\travytea\catalog\view\theme\pav_cosmetics\template\common\cart.tpl on line 31
2017-09-18 8:52:32 - PHP Notice:  Undefined index: key in D:\Kantek\opencart\travytea\catalog\view\theme\pav_cosmetics\template\common\cart.tpl on line 31
2017-09-18 8:52:33 - PHP Notice:  Undefined index: key in D:\Kantek\opencart\travytea\catalog\view\theme\pav_cosmetics\template\common\cart.tpl on line 31
2017-09-18 8:52:33 - PHP Notice:  Undefined index: key in D:\Kantek\opencart\travytea\catalog\view\theme\pav_cosmetics\template\common\cart.tpl on line 31
2017-09-18 8:52:41 - PHP Notice:  Undefined index: key in D:\Kantek\opencart\travytea\catalog\view\theme\pav_cosmetics\template\common\cart.tpl on line 31
2017-09-18 8:52:42 - PHP Notice:  Undefined index: key in D:\Kantek\opencart\travytea\catalog\view\theme\pav_cosmetics\template\common\cart.tpl on line 31
2017-09-18 8:52:42 - PHP Notice:  Undefined index: key in D:\Kantek\opencart\travytea\catalog\view\theme\pav_cosmetics\template\common\cart.tpl on line 31
2017-09-18 8:53:29 - PHP Notice:  Undefined index: key in D:\Kantek\opencart\travytea\catalog\view\theme\pav_cosmetics\template\common\cart.tpl on line 31
2017-09-18 8:53:30 - PHP Notice:  Undefined index: key in D:\Kantek\opencart\travytea\catalog\view\theme\pav_cosmetics\template\common\cart.tpl on line 31
2017-09-18 8:53:30 - PHP Notice:  Undefined index: key in D:\Kantek\opencart\travytea\catalog\view\theme\pav_cosmetics\template\common\cart.tpl on line 31
2017-09-18 8:54:21 - PHP Notice:  Undefined index: key in D:\Kantek\opencart\travytea\catalog\view\theme\pav_cosmetics\template\common\cart.tpl on line 31
2017-09-18 8:54:22 - PHP Notice:  Undefined index: key in D:\Kantek\opencart\travytea\catalog\view\theme\pav_cosmetics\template\common\cart.tpl on line 31
2017-09-18 8:54:22 - PHP Notice:  Undefined index: key in D:\Kantek\opencart\travytea\catalog\view\theme\pav_cosmetics\template\common\cart.tpl on line 31
2017-09-18 8:54:43 - PHP Notice:  Undefined index: key in D:\Kantek\opencart\travytea\catalog\view\theme\pav_cosmetics\template\common\cart.tpl on line 31
2017-09-18 8:54:44 - PHP Notice:  Undefined index: key in D:\Kantek\opencart\travytea\catalog\view\theme\pav_cosmetics\template\common\cart.tpl on line 31
2017-09-18 8:54:44 - PHP Notice:  Undefined index: key in D:\Kantek\opencart\travytea\catalog\view\theme\pav_cosmetics\template\common\cart.tpl on line 31
2017-09-18 8:54:51 - PHP Notice:  Undefined index: key in D:\Kantek\opencart\travytea\catalog\view\theme\pav_cosmetics\template\common\cart.tpl on line 31
2017-09-18 8:54:52 - PHP Notice:  Undefined index: key in D:\Kantek\opencart\travytea\catalog\view\theme\pav_cosmetics\template\common\cart.tpl on line 31
2017-09-18 8:54:52 - PHP Notice:  Undefined index: key in D:\Kantek\opencart\travytea\catalog\view\theme\pav_cosmetics\template\common\cart.tpl on line 31
2017-09-18 8:56:42 - PHP Notice:  Undefined index: key in D:\Kantek\opencart\travytea\catalog\view\theme\pav_cosmetics\template\common\cart.tpl on line 31
2017-09-18 8:56:46 - PHP Notice:  Undefined index: key in D:\Kantek\opencart\travytea\catalog\view\theme\pav_cosmetics\template\common\cart.tpl on line 31
2017-09-18 8:56:47 - PHP Notice:  Undefined index: key in D:\Kantek\opencart\travytea\catalog\view\theme\pav_cosmetics\template\common\cart.tpl on line 31
2017-09-18 8:56:47 - PHP Notice:  Undefined index: key in D:\Kantek\opencart\travytea\catalog\view\theme\pav_cosmetics\template\common\cart.tpl on line 31
2017-09-18 8:58:32 - PHP Warning:  mail(): Failed to connect to mailserver at &quot;localhost&quot; port 25, verify your &quot;SMTP&quot; and &quot;smtp_port&quot; setting in php.ini or use ini_set() in D:\Kantek\opencart\travytea\system\library\mail.php on line 164
2017-09-18 9:00:04 - PHP Notice:  Undefined index: key in D:\Kantek\opencart\travytea\catalog\view\theme\pav_cosmetics\template\common\cart.tpl on line 31
2017-09-18 9:00:05 - PHP Notice:  Undefined index: key in D:\Kantek\opencart\travytea\catalog\view\theme\pav_cosmetics\template\common\cart.tpl on line 31
2017-09-18 9:00:27 - PHP Notice:  Undefined index: key in D:\Kantek\opencart\travytea\catalog\view\theme\pav_cosmetics\template\common\cart.tpl on line 31
2017-09-18 9:00:30 - PHP Notice:  Undefined index: key in D:\Kantek\opencart\travytea\catalog\view\theme\pav_cosmetics\template\common\cart.tpl on line 31
2017-09-18 9:00:31 - PHP Notice:  Undefined index: key in D:\Kantek\opencart\travytea\catalog\view\theme\pav_cosmetics\template\common\cart.tpl on line 31
2017-09-18 9:00:32 - PHP Notice:  Undefined index: key in D:\Kantek\opencart\travytea\catalog\view\theme\pav_cosmetics\template\common\cart.tpl on line 31
2017-09-18 9:01:00 - PHP Warning:  mail(): Failed to connect to mailserver at &quot;localhost&quot; port 25, verify your &quot;SMTP&quot; and &quot;smtp_port&quot; setting in php.ini or use ini_set() in D:\Kantek\opencart\travytea\system\library\mail.php on line 164
2017-09-18 9:02:12 - PHP Notice:  Undefined index: key in D:\Kantek\opencart\travytea\catalog\view\theme\pav_cosmetics\template\common\cart.tpl on line 31
2017-09-18 9:02:12 - PHP Notice:  Undefined index: key in D:\Kantek\opencart\travytea\catalog\view\theme\pav_cosmetics\template\common\cart.tpl on line 31
2017-09-18 9:02:13 - PHP Notice:  Undefined index: key in D:\Kantek\opencart\travytea\catalog\view\theme\pav_cosmetics\template\common\cart.tpl on line 31
2017-09-18 9:06:04 - PHP Notice:  Undefined index: key in D:\Kantek\opencart\travytea\catalog\view\theme\pav_cosmetics\template\common\cart.tpl on line 31
2017-09-18 9:06:04 - PHP Notice:  Undefined index: key in D:\Kantek\opencart\travytea\catalog\view\theme\pav_cosmetics\template\common\cart.tpl on line 31
2017-09-18 9:06:11 - PHP Notice:  Undefined index: key in D:\Kantek\opencart\travytea\catalog\view\theme\pav_cosmetics\template\common\cart.tpl on line 31
